<?xml version="1.0" encoding="UTF-8"?>
<!-- Generated by org.testng.reporters.JUnitReportReporter -->
<testsuite hostname="Nilay" failures="0" tests="2" name="CrossBrowserTesting" time="8.220" errors="0" timestamp="2023-07-22T08:56:37 BST" skipped="0">
  <testcase classname="CrossBrowserTesting" name="testLinks" time="4.542"/>
  <system-out/>
  <testcase classname="CrossBrowserTesting" name="testLinks" time="3.678"/>
  <system-out/>
</testsuite> <!-- CrossBrowserTesting -->
