<?xml version="1.0" encoding="UTF-8"?>
<!-- Generated by org.testng.reporters.JUnitReportReporter -->
<testsuite hostname="Nilay" failures="0" tests="2" name="CrossBrowserTesting" time="16.814" errors="0" timestamp="2023-07-22T16:12:28 BST" skipped="0">
  <testcase classname="CrossBrowserTesting" name="testLinks" time="3.147"/>
  <system-out/>
  <testcase classname="CrossBrowserTesting" name="testLinks" time="13.667"/>
  <system-out/>
</testsuite> <!-- CrossBrowserTesting -->
